<?xml version="1.0" encoding="UTF-8"?>
<!-- Generated by org.testng.reporters.JUnitReportReporter -->
<testsuite skipped="0" hostname="DESKTOP-JINVOCL" name="test.LoginTest" tests="1" failures="0" timestamp="2021-07-02T17:02:58 CDT" time="4.337" errors="0">
  <testcase name="loginTest" time="4.337" classname="test.LoginTest"/>
  <system-out/>
</testsuite> <!-- test.LoginTest -->
