<?xml version="1.0" encoding="UTF-8"?>
<!-- Generated by org.testng.reporters.JUnitReportReporter -->
<testsuite skipped="0" hostname="DESKTOP-JINVOCL" name="test.AddCustomerTest" tests="1" failures="0" timestamp="2021-07-05T13:16:41 CDT" time="9.155" errors="0">
  <testcase name="validUserShouldBeAbleToCreateCustomer" time="9.155" classname="test.AddCustomerTest"/>
  <system-out/>
</testsuite> <!-- test.AddCustomerTest -->
