<?xml version="1.0" encoding="UTF-8"?>
<!-- Generated by org.testng.reporters.JUnitReportReporter -->
<testsuite skipped="0" hostname="DESKTOP-JINVOCL" name="util.BrowserFactory" tests="1" failures="0" timestamp="2021-06-30T17:04:45 CDT" time="2.204" errors="0">
  <testcase name="init" time="2.204" classname="util.BrowserFactory"/>
  <system-out/>
</testsuite> <!-- util.BrowserFactory -->
